<?xml version="1.0" encoding="UTF-8"?>
<!-- Generated by org.testng.reporters.JUnitReportReporter -->
<testsuite hostname="LAPTOP-DPIBVC77" failures="0" tests="1" name="TS_011.Logout" time="15.144" errors="0" timestamp="2023-03-16T18:27:04 IST" skipped="0">
  <testcase classname="TS_011.Logout" name="login" time="15.144"/>
  <system-out/>
</testsuite> <!-- TS_011.Logout -->
