<?xml version="1.0" encoding="UTF-8"?>
<!-- Generated by org.testng.reporters.JUnitReportReporter -->
<testsuite hostname="LAPTOP-DPIBVC77" failures="0" tests="1" name="TS_003.Admin" time="30.753" errors="0" timestamp="2023-03-17T22:27:56 IST" skipped="0">
  <testcase classname="TS_003.Admin" name="A" time="30.753"/>
  <system-out/>
</testsuite> <!-- TS_003.Admin -->
