<?xml version="1.0" encoding="UTF-8"?>
<!-- Generated by org.testng.reporters.JUnitReportReporter -->
<testsuite hostname="LAPTOP-DPIBVC77" failures="0" tests="1" name="TS_006.Recruitment" time="21.710" errors="0" timestamp="2023-03-20T20:42:36 IST" skipped="0">
  <testcase classname="TS_006.Recruitment" name="R" time="21.710"/>
  <system-out/>
</testsuite> <!-- TS_006.Recruitment -->
