<?xml version="1.0" encoding="UTF-8"?>
<!-- Generated by org.testng.reporters.JUnitReportReporter -->
<testsuite hostname="LAPTOP-DPIBVC77" failures="0" tests="1" name="TS_010.Buzz" time="32.541" errors="0" timestamp="2023-03-16T18:50:05 IST" skipped="0">
  <testcase classname="TS_010.Buzz" name="buzz" time="32.541"/>
  <system-out/>
</testsuite> <!-- TS_010.Buzz -->
