<?xml version="1.0" encoding="UTF-8"?>
<!-- Generated by org.testng.reporters.JUnitReportReporter -->
<testsuite hostname="LAPTOP-DPIBVC77" failures="0" tests="1" name="TS_005.Leave" time="32.377" errors="0" timestamp="2023-03-20T18:28:10 IST" skipped="0">
  <testcase classname="TS_005.Leave" name="L" time="32.377"/>
  <system-out/>
</testsuite> <!-- TS_005.Leave -->
