<?xml version="1.0" encoding="UTF-8"?>
<!-- Generated by org.testng.reporters.JUnitReportReporter -->
<testsuite hostname="LAPTOP-DPIBVC77" failures="0" tests="1" name="TS_001.Login" time="17.205" errors="0" timestamp="2023-03-16T18:28:50 IST" skipped="0">
  <testcase classname="TS_001.Login" name="login" time="17.205"/>
  <system-out/>
</testsuite> <!-- TS_001.Login -->
