<?xml version="1.0" encoding="UTF-8"?>
<!-- Generated by org.testng.reporters.JUnitReportReporter -->
<testsuite hostname="LAPTOP-DPIBVC77" failures="0" tests="1" name="TS_008.Performance" time="22.268" errors="0" timestamp="2023-03-16T21:53:58 IST" skipped="0">
  <testcase classname="TS_008.Performance" name="p" time="22.268"/>
  <system-out/>
</testsuite> <!-- TS_008.Performance -->
