<?xml version="1.0" encoding="UTF-8"?>
<!-- Generated by org.testng.reporters.JUnitReportReporter -->
<testsuite hostname="LAPTOP-DPIBVC77" failures="0" tests="1" name="TS_002.Dashboard" time="36.106" errors="0" timestamp="2023-03-17T20:10:34 IST" skipped="0">
  <testcase classname="TS_002.Dashboard" name="D" time="36.106"/>
  <system-out/>
</testsuite> <!-- TS_002.Dashboard -->
