<?xml version="1.0" encoding="UTF-8"?>
<!-- Generated by org.testng.reporters.JUnitReportReporter -->
<testsuite hostname="LAPTOP-DPIBVC77" failures="0" tests="1" name="TS_007.MyInfo" time="23.558" errors="0" timestamp="2023-03-17T14:36:33 IST" skipped="0">
  <testcase classname="TS_007.MyInfo" name="i" time="23.558"/>
  <system-out/>
</testsuite> <!-- TS_007.MyInfo -->
